warning: Git tree '/home/nixos/spec-repo' is dirty
evaluating flake...
checking flake output 'lib'...
checking flake output 'checks'...
checking derivation checks.x86_64-linux.integration-verify-dod1...
derivation evaluated to /nix/store/nk7kvawwv2ry678myznscg8xlfrb3ipy-integration-verify-dod1.drv
checking derivation checks.x86_64-linux.integration-negative-dod1...
derivation evaluated to /nix/store/zm1syhj7mkg5y7mw4g7n5295wljs0blm-integration-negative-dod1.drv
checking derivation checks.x86_64-linux.integration-verify-dod2...
derivation evaluated to /nix/store/59cb3y02zwkk2i6pcpyk6p0fnm71gr6i-integration-verify-dod2.drv
checking derivation checks.x86_64-linux.integration-negative-dod2...
derivation evaluated to /nix/store/knx0y3n7asdmmi077yw84gd8cvrcjpds-integration-negative-dod2.drv
checking derivation checks.x86_64-linux.integration-verify-dod3...
building '/nix/store/v1za70illvkqkqqac23bkm7fbcpy77j7-manifest.json.drv'...
derivation evaluated to /nix/store/miy883xqqzlnyv3sx9wjpfdq7r8sryim-integration-verify-dod3.drv
checking derivation checks.x86_64-linux.integration-negative-dod3...
derivation evaluated to /nix/store/zh5fs2x9mvvndij61h3q4iwd7d8ai4nv-integration-negative-dod3.drv
checking derivation checks.x86_64-linux.integration-verify-dod4...
derivation evaluated to /nix/store/ba362zb05vmnfvnxi4rm802hbka97b38-integration-verify-dod4.drv
checking derivation checks.x86_64-linux.integration-negative-dod4...
derivation evaluated to /nix/store/fq9jqjfy6dfqsszzmh5sd7g1p4r1hxdc-integration-negative-dod4.drv
checking derivation checks.x86_64-linux.dod0-factory-only...
derivation evaluated to /nix/store/j1ajcvjqw2sxm53bkq7rbc1kx4ykklmc-dod0-factory-only.drv
checking derivation checks.x86_64-linux.dod0-flake-srp...
derivation evaluated to /nix/store/fw3j8phwncax1j7x6i3g9sydrp40dc29-dod0-flake-srp.drv
checking derivation checks.x86_64-linux.dod8-patterns-ssot...
derivation evaluated to /nix/store/izn1r50w0000s4k4cqmm09crdjvbymip-dod8-patterns-ssot.drv
checking derivation checks.x86_64-linux.dod7-no-integration-duplication...
derivation evaluated to /nix/store/vqmhwncpv1pv1n7v9qcqa26691ngi9m8-dod7-no-integration-duplication.drv
checking derivation checks.x86_64-linux.test-dod5-positive...
derivation evaluated to /nix/store/74sjv9cq65jc0q9qzawrgxp38paxg7w7-test-dod5-positive.drv
checking derivation checks.x86_64-linux.test-dod6-positive...
derivation evaluated to /nix/store/nkcggv73dl32pjk9278092myw88gs76i-test-dod6-positive.drv
checking derivation checks.x86_64-linux.repo-cue-validity...
derivation evaluated to /nix/store/452kz4zf95p5h4wfk2zhawnb2j6w4xzi-repo-cue-validity.drv
checking derivation checks.x86_64-linux.repo-cue-format-independence...
derivation evaluated to /nix/store/278pkaapwn9afcrjj58ww0zvqx793j76-repo-cue-format-independence.drv
checking derivation checks.x86_64-linux.ci-requirements-consistency...
derivation evaluated to /nix/store/dgdpaa7qns4s98530g2j5mrysz8i67ah-ci-requirements-consistency.drv
checking derivation checks.x86_64-linux.feat-sandboxes-validity...
derivation evaluated to /nix/store/fgvcdwgyjrcqkmxbpg9awyyqkjpmvsis-feat-sandboxes-validity.drv
checking derivation checks.x86_64-linux.no-repo-cue-tracked...
derivation evaluated to /nix/store/45wgan3qk6irvbnbqa5j1gkbmmpn269a-no-repo-cue-tracked.drv
checking derivation checks.x86_64-linux.no-repo-cue-any...
derivation evaluated to /nix/store/45pm8nb8bds3y6nq684vy7rcm3n46wjz-no-repo-cue-any.drv
checking derivation checks.x86_64-linux.no-repo-cue-reference-in-code...
derivation evaluated to /nix/store/yfxa9swx1npxr5488sfq3ya5645cpq94-no-repo-cue-reference-in-code.drv
checking derivation checks.x86_64-linux.spec-repo-contract-validity...
derivation evaluated to /nix/store/017bk73063i8ds028x1ki7bzplw0wlm3-spec-repo-contract-validity.drv
checking derivation checks.x86_64-linux.feat-sandboxes-contract-aggregate...
derivation evaluated to /nix/store/4accjy20q8i2v5wbz6fmr948qgskd81c-feat-sandboxes-contract-aggregate.drv
checking derivation checks.x86_64-linux.feat-contract-aggregate...
derivation evaluated to /nix/store/nanwzpbviwj3h0a0319n8w7n49znhmsb-feat-contract-aggregate.drv
checking derivation checks.x86_64-linux.contract-srp-policy...
derivation evaluated to /nix/store/iba938s5iypg4h5a21yfvr88rm64a1n2-contract-srp-policy.drv
checking derivation checks.x86_64-linux.global-uniq-fixtures...
derivation evaluated to /nix/store/hgnpyac8wwc5g2q0w3j8nvxjf0jr5gqb-global-uniq-fixtures.drv
checking derivation checks.x86_64-linux.policy-dev-scope...
derivation evaluated to /nix/store/61h41ngvl5gi7j52sls12s6i54048n5j-policy-dev-scope.drv
checking derivation checks.x86_64-linux.spec-smoke...
derivation evaluated to /nix/store/qly3rxg7h2i43k07dyxirpac88rqzfc2-spec-smoke.drv
checking derivation checks.x86_64-linux.spec-fast...
derivation evaluated to /nix/store/0f3szdzjji21qsnm2rw2bl1gmy83dks1-spec-fast.drv
checking derivation checks.x86_64-linux.spec-slow...
derivation evaluated to /nix/store/vf90d9h36zm0s5blh96ap8b0j93kci1b-spec-slow.drv
checking derivation checks.x86_64-linux.spec-unit...
derivation evaluated to /nix/store/x071ih4k5mxpxvb157pd0jjf9w2s46ga-spec-unit.drv
checking derivation checks.x86_64-linux.spec-e2e...
derivation evaluated to /nix/store/kx6iw8kshbivzxwd2j70w60q3dgnl064-spec-e2e.drv
checking derivation checks.x86_64-linux.unit-green-dod1...
derivation evaluated to /nix/store/jsc3jsgbiwz4906fvdjycfrf059pkvy8-unit-green-dod1.drv
checking derivation checks.x86_64-linux.unit-green-dod2...
derivation evaluated to /nix/store/3h8fd7g3wj6n3wwmcsv7vfx8j88hn4gh-unit-green-dod2.drv
checking derivation checks.x86_64-linux.unit-green-dod3...
derivation evaluated to /nix/store/fgj6kjkwjnzw30dmqb2lsyq8bd6bzsph-unit-green-dod3.drv
checking derivation checks.x86_64-linux.unit-green-dod4...
derivation evaluated to /nix/store/7n97ynmcwr5xyhb6hfvwfwq1yfqnmwml-unit-green-dod4.drv
checking derivation checks.x86_64-linux.feat-decide-ci-score-matrix...
derivation evaluated to /nix/store/czxh6kc725jzyax5sjnnb31ifvrhnv6p-feat-decide-ci-score-matrix.drv
checking derivation checks.x86_64-linux.feat-dx-ux-test...
derivation evaluated to /nix/store/9f09zav2xv6snvhs3ki3a2x5l8g58mvw-feat-dx-ux-test.drv
checking derivation checks.x86_64-linux.feat-spec...
derivation evaluated to /nix/store/l2pjmxhx708sf3vmpz29n1dlbipyvv2y-feat-spec.drv
checking flake output 'devShells'...
checking derivation devShells.x86_64-linux.default...
derivation evaluated to /nix/store/bz2w66zxv8bapkykvc3x7ppinr9i5vfp-nix-shell.drv
checking flake output 'packages'...
checking derivation packages.x86_64-linux.cue...
derivation evaluated to /nix/store/jdqk1dx0rdj4f83jd79s7nprln79lvsf-cue-0.15.1.drv
checking derivation packages.x86_64-linux.default...
derivation evaluated to /nix/store/bawgzrc0s9v8676jaam2hrhnmm9hg5cg-validate-spec.drv
checking derivation packages.x86_64-linux.validate...
derivation evaluated to /nix/store/bawgzrc0s9v8676jaam2hrhnmm9hg5cg-validate-spec.drv
checking derivation packages.x86_64-linux.ci-requirements...
derivation evaluated to /nix/store/qs1qdnqzqa23phi7mfkza567236x99cy-ci-requirements-export.drv
checking derivation packages.x86_64-linux.verify-red-01-responsibility...
derivation evaluated to /nix/store/hni7mizl6nvk2mlp20rpjyiwbm7gifs2-verify-red-01-responsibility.drv
checking derivation packages.x86_64-linux.verify-red-02-consumer-api...
derivation evaluated to /nix/store/s3h4ai0cyw8hfr8ks5b56yx97yqr79aj-verify-red-02-consumer-api.drv
checking derivation packages.x86_64-linux.verify-red-03-outputs-manifest...
derivation evaluated to /nix/store/q8qbfjbsa4dwv36bmiz2gsrvnf3j82gz-verify-red-03-outputs-manifest.drv
checking derivation packages.x86_64-linux.verify-red-04-uniq...
derivation evaluated to /nix/store/xcm9y9d03ml3kd37j8qr65y6z2gpki8s-verify-red-04-uniq.drv
checking derivation packages.x86_64-linux.integration-verify-dod1...
derivation evaluated to /nix/store/nk7kvawwv2ry678myznscg8xlfrb3ipy-integration-verify-dod1.drv
checking derivation packages.x86_64-linux.integration-negative-dod1...
derivation evaluated to /nix/store/zm1syhj7mkg5y7mw4g7n5295wljs0blm-integration-negative-dod1.drv
checking derivation packages.x86_64-linux.integration-verify-dod2...
derivation evaluated to /nix/store/59cb3y02zwkk2i6pcpyk6p0fnm71gr6i-integration-verify-dod2.drv
checking derivation packages.x86_64-linux.integration-negative-dod2...
derivation evaluated to /nix/store/knx0y3n7asdmmi077yw84gd8cvrcjpds-integration-negative-dod2.drv
checking derivation packages.x86_64-linux.integration-verify-dod3...
derivation evaluated to /nix/store/miy883xqqzlnyv3sx9wjpfdq7r8sryim-integration-verify-dod3.drv
checking derivation packages.x86_64-linux.integration-negative-dod3...
derivation evaluated to /nix/store/zh5fs2x9mvvndij61h3q4iwd7d8ai4nv-integration-negative-dod3.drv
checking derivation packages.x86_64-linux.integration-verify-dod4...
derivation evaluated to /nix/store/ba362zb05vmnfvnxi4rm802hbka97b38-integration-verify-dod4.drv
checking derivation packages.x86_64-linux.integration-negative-dod4...
derivation evaluated to /nix/store/fq9jqjfy6dfqsszzmh5sd7g1p4r1hxdc-integration-negative-dod4.drv
checking flake output 'checksRed'...
warning: unknown flake output 'checksRed'
checking flake output 'spec'...
warning: unknown flake output 'spec'
running 39 flake checks...
building '/nix/store/iba938s5iypg4h5a21yfvr88rm64a1n2-contract-srp-policy.drv'...
building '/nix/store/nanwzpbviwj3h0a0319n8w7n49znhmsb-feat-contract-aggregate.drv'...
contract-srp-policy> === contract_srp_policy ===
contract-srp-policy> Checking: /nix/store/y395hn7qhqkpzhrdqnxg8g181knbdvzk-source/spec/urn/feat/dx-ux-test/contract.cue
contract-srp-policy>   OK
contract-srp-policy> Checking: /nix/store/y395hn7qhqkpzhrdqnxg8g181knbdvzk-source/spec/urn/spec-repo/contract.cue
contract-srp-policy>   OK
contract-srp-policy> 
contract-srp-policy> PASS: all contracts follow SRP policy
building '/nix/store/qs1qdnqzqa23phi7mfkza567236x99cy-ci-requirements-export.drv'...
feat-contract-aggregate> === feat_contract_aggregate ===
feat-contract-aggregate> Validating: /nix/store/y395hn7qhqkpzhrdqnxg8g181knbdvzk-source/spec/urn/feat/dx-ux-test/contract.cue
feat-contract-aggregate>   FAIL: requiredChecks missing or empty
feat-contract-aggregate> 
feat-contract-aggregate> FAIL:
feat-contract-aggregate> /nix/store/y395hn7qhqkpzhrdqnxg8g181knbdvzk-source/spec/urn/feat/dx-ux-test/contract.cue: requiredChecks missing
feat-contract-aggregate> 
error: builder for '/nix/store/nanwzpbviwj3h0a0319n8w7n49znhmsb-feat-contract-aggregate.drv' failed with exit code 1;
       last 7 log lines:
       > === feat_contract_aggregate ===
       > Validating: /nix/store/y395hn7qhqkpzhrdqnxg8g181knbdvzk-source/spec/urn/feat/dx-ux-test/contract.cue
       >   FAIL: requiredChecks missing or empty
       >
       > FAIL:
       > /nix/store/y395hn7qhqkpzhrdqnxg8g181knbdvzk-source/spec/urn/feat/dx-ux-test/contract.cue: requiredChecks missing
       >
       For full logs, run:
         nix log /nix/store/nanwzpbviwj3h0a0319n8w7n49znhmsb-feat-contract-aggregate.drv
error: build of '/nix/store/017bk73063i8ds028x1ki7bzplw0wlm3-spec-repo-contract-validity.drv', '/nix/store/0f3szdzjji21qsnm2rw2bl1gmy83dks1-spec-fast.drv', '/nix/store/3h8fd7g3wj6n3wwmcsv7vfx8j88hn4gh-unit-green-dod2.drv', '/nix/store/452kz4zf95p5h4wfk2zhawnb2j6w4xzi-repo-cue-validity.drv', '/nix/store/4accjy20q8i2v5wbz6fmr948qgskd81c-feat-sandboxes-contract-aggregate.drv', '/nix/store/59cb3y02zwkk2i6pcpyk6p0fnm71gr6i-integration-verify-dod2.drv', '/nix/store/61h41ngvl5gi7j52sls12s6i54048n5j-policy-dev-scope.drv', '/nix/store/7n97ynmcwr5xyhb6hfvwfwq1yfqnmwml-unit-green-dod4.drv', '/nix/store/9f09zav2xv6snvhs3ki3a2x5l8g58mvw-feat-dx-ux-test.drv', '/nix/store/ba362zb05vmnfvnxi4rm802hbka97b38-integration-verify-dod4.drv', '/nix/store/czxh6kc725jzyax5sjnnb31ifvrhnv6p-feat-decide-ci-score-matrix.drv', '/nix/store/dgdpaa7qns4s98530g2j5mrysz8i67ah-ci-requirements-consistency.drv', '/nix/store/fgj6kjkwjnzw30dmqb2lsyq8bd6bzsph-unit-green-dod3.drv', '/nix/store/fgvcdwgyjrcqkmxbpg9awyyqkjpmvsis-feat-sandboxes-validity.drv', '/nix/store/fq9jqjfy6dfqsszzmh5sd7g1p4r1hxdc-integration-negative-dod4.drv', '/nix/store/hgnpyac8wwc5g2q0w3j8nvxjf0jr5gqb-global-uniq-fixtures.drv', '/nix/store/jsc3jsgbiwz4906fvdjycfrf059pkvy8-unit-green-dod1.drv', '/nix/store/knx0y3n7asdmmi077yw84gd8cvrcjpds-integration-negative-dod2.drv', '/nix/store/l2pjmxhx708sf3vmpz29n1dlbipyvv2y-feat-spec.drv', '/nix/store/miy883xqqzlnyv3sx9wjpfdq7r8sryim-integration-verify-dod3.drv', '/nix/store/nanwzpbviwj3h0a0319n8w7n49znhmsb-feat-contract-aggregate.drv', '/nix/store/nk7kvawwv2ry678myznscg8xlfrb3ipy-integration-verify-dod1.drv', '/nix/store/qly3rxg7h2i43k07dyxirpac88rqzfc2-spec-smoke.drv', '/nix/store/vf90d9h36zm0s5blh96ap8b0j93kci1b-spec-slow.drv', '/nix/store/zh5fs2x9mvvndij61h3q4iwd7d8ai4nv-integration-negative-dod3.drv', '/nix/store/zm1syhj7mkg5y7mw4g7n5295wljs0blm-integration-negative-dod1.drv' failed
