warning: Git tree '/home/nixos/spec-repo' is dirty
evaluating flake...
checking flake output 'lib'...
checking flake output 'checks'...
checking derivation checks.x86_64-linux.integration-verify-dod1...
derivation evaluated to /nix/store/8m4x2fzj39c6bigv3rr9b5awagys8865-integration-verify-dod1.drv
checking derivation checks.x86_64-linux.integration-negative-dod1...
derivation evaluated to /nix/store/l39spw4g3mfhczhc28x2mj9gq9hypvwf-integration-negative-dod1.drv
checking derivation checks.x86_64-linux.integration-verify-dod2...
derivation evaluated to /nix/store/h8mmxvvv9mzcw7bqqhaj4sh0scwf56lj-integration-verify-dod2.drv
checking derivation checks.x86_64-linux.integration-negative-dod2...
derivation evaluated to /nix/store/i6vivwvj167r8g77nm06b235ma48c834-integration-negative-dod2.drv
checking derivation checks.x86_64-linux.integration-verify-dod3...
building '/nix/store/p0qy4h5zjj5yllijw9cafmz60w8h2fgw-manifest.json.drv'...
derivation evaluated to /nix/store/nh0ki38x5xjy4xpm3332a79r8nqjmz9m-integration-verify-dod3.drv
checking derivation checks.x86_64-linux.integration-negative-dod3...
derivation evaluated to /nix/store/qg1m4yrndis0dchl8wjp99x2b3gflxgb-integration-negative-dod3.drv
checking derivation checks.x86_64-linux.integration-verify-dod4...
derivation evaluated to /nix/store/s8dqk2bb62wn4caimpa8kqzsh3p7s859-integration-verify-dod4.drv
checking derivation checks.x86_64-linux.integration-negative-dod4...
derivation evaluated to /nix/store/c3hiwpaxmhznp1q7g6x5qx3czl7a9lqq-integration-negative-dod4.drv
checking derivation checks.x86_64-linux.dod0-factory-only...
derivation evaluated to /nix/store/j1ajcvjqw2sxm53bkq7rbc1kx4ykklmc-dod0-factory-only.drv
checking derivation checks.x86_64-linux.dod0-flake-srp...
derivation evaluated to /nix/store/fw3j8phwncax1j7x6i3g9sydrp40dc29-dod0-flake-srp.drv
checking derivation checks.x86_64-linux.dod8-patterns-ssot...
derivation evaluated to /nix/store/izn1r50w0000s4k4cqmm09crdjvbymip-dod8-patterns-ssot.drv
checking derivation checks.x86_64-linux.dod7-no-integration-duplication...
derivation evaluated to /nix/store/vqmhwncpv1pv1n7v9qcqa26691ngi9m8-dod7-no-integration-duplication.drv
checking derivation checks.x86_64-linux.test-dod5-positive...
derivation evaluated to /nix/store/74sjv9cq65jc0q9qzawrgxp38paxg7w7-test-dod5-positive.drv
checking derivation checks.x86_64-linux.test-dod6-positive...
derivation evaluated to /nix/store/nkcggv73dl32pjk9278092myw88gs76i-test-dod6-positive.drv
checking derivation checks.x86_64-linux.repo-cue-validity...
derivation evaluated to /nix/store/19c3fpfyhmfra48s6chhniqqqivhindv-repo-cue-validity.drv
checking derivation checks.x86_64-linux.repo-cue-format-independence...
derivation evaluated to /nix/store/278pkaapwn9afcrjj58ww0zvqx793j76-repo-cue-format-independence.drv
checking derivation checks.x86_64-linux.ci-requirements-consistency...
derivation evaluated to /nix/store/gyk2q6jyf4ln7qbb1dkpr0h7q7i09rx3-ci-requirements-consistency.drv
checking derivation checks.x86_64-linux.feat-sandboxes-validity...
derivation evaluated to /nix/store/z7484h7m3akvl01mgzfv26ixayxqp7c5-feat-sandboxes-validity.drv
checking derivation checks.x86_64-linux.no-repo-cue-tracked...
derivation evaluated to /nix/store/45wgan3qk6irvbnbqa5j1gkbmmpn269a-no-repo-cue-tracked.drv
checking derivation checks.x86_64-linux.no-repo-cue-any...
derivation evaluated to /nix/store/45pm8nb8bds3y6nq684vy7rcm3n46wjz-no-repo-cue-any.drv
checking derivation checks.x86_64-linux.no-repo-cue-reference-in-code...
derivation evaluated to /nix/store/yfxa9swx1npxr5488sfq3ya5645cpq94-no-repo-cue-reference-in-code.drv
checking derivation checks.x86_64-linux.spec-repo-contract-validity...
derivation evaluated to /nix/store/z32jzxwvai9a0md7gn6rp6wflsha92lz-spec-repo-contract-validity.drv
checking derivation checks.x86_64-linux.feat-sandboxes-contract-aggregate...
derivation evaluated to /nix/store/plvg450xz3dl6p62apgqwnm5338i54s9-feat-sandboxes-contract-aggregate.drv
checking derivation checks.x86_64-linux.feat-contract-aggregate...
derivation evaluated to /nix/store/n3rl1k2vwha1hgh4ksqlc9rpkyngq9i0-feat-contract-aggregate.drv
checking derivation checks.x86_64-linux.contract-srp-policy...
derivation evaluated to /nix/store/rv2gy4h3l0nl31zvc8dr2xv2zr0i3cyx-contract-srp-policy.drv
checking derivation checks.x86_64-linux.global-uniq-fixtures...
derivation evaluated to /nix/store/dasjqd0acc0xi7fnf4y25la9xw9hb98i-global-uniq-fixtures.drv
checking derivation checks.x86_64-linux.policy-dev-scope...
derivation evaluated to /nix/store/50a5pj90qjyv13znbb1pf3wq203czhrk-policy-dev-scope.drv
checking derivation checks.x86_64-linux.spec-smoke...
derivation evaluated to /nix/store/6kbzyzkqzgkcmp8xdx711bvm9hz1y9wd-spec-smoke.drv
checking derivation checks.x86_64-linux.spec-fast...
derivation evaluated to /nix/store/02wdrbzhq6jfa7l5bw9axzc3qrrjx056-spec-fast.drv
checking derivation checks.x86_64-linux.spec-slow...
derivation evaluated to /nix/store/p2dh03il4vjr4hjzpdcax50wh3mhmllm-spec-slow.drv
checking derivation checks.x86_64-linux.spec-unit...
derivation evaluated to /nix/store/x071ih4k5mxpxvb157pd0jjf9w2s46ga-spec-unit.drv
checking derivation checks.x86_64-linux.spec-e2e...
derivation evaluated to /nix/store/kx6iw8kshbivzxwd2j70w60q3dgnl064-spec-e2e.drv
checking derivation checks.x86_64-linux.unit-green-dod1...
derivation evaluated to /nix/store/hfbjc8awmcxbjxf5qz8pxnac8p9daq2m-unit-green-dod1.drv
checking derivation checks.x86_64-linux.unit-green-dod2...
derivation evaluated to /nix/store/cd5v7abycjbhmpndy9aha1whfaagnqv0-unit-green-dod2.drv
checking derivation checks.x86_64-linux.unit-green-dod3...
derivation evaluated to /nix/store/kkic2mwikbk293r48n4qdjxz9y7yqpd2-unit-green-dod3.drv
checking derivation checks.x86_64-linux.unit-green-dod4...
derivation evaluated to /nix/store/asyg5nlwn50570kgs01mc9a91rs47w9p-unit-green-dod4.drv
checking derivation checks.x86_64-linux.feat-decide-ci-score-matrix...
derivation evaluated to /nix/store/njcncsqmy4xg6c02ivbxb41y5gi80d7l-feat-decide-ci-score-matrix.drv
checking derivation checks.x86_64-linux.feat-dx-ux-test...
derivation evaluated to /nix/store/zdpb20kd1wxkmva3bly4377g3f0sdzsj-feat-dx-ux-test.drv
checking derivation checks.x86_64-linux.feat-spec...
derivation evaluated to /nix/store/kcn89pq9n2amz5ms0ag0gdbhggm6vzky-feat-spec.drv
checking flake output 'devShells'...
checking derivation devShells.x86_64-linux.default...
derivation evaluated to /nix/store/bz2w66zxv8bapkykvc3x7ppinr9i5vfp-nix-shell.drv
checking flake output 'packages'...
checking derivation packages.x86_64-linux.cue...
derivation evaluated to /nix/store/jdqk1dx0rdj4f83jd79s7nprln79lvsf-cue-0.15.1.drv
checking derivation packages.x86_64-linux.default...
derivation evaluated to /nix/store/bawgzrc0s9v8676jaam2hrhnmm9hg5cg-validate-spec.drv
checking derivation packages.x86_64-linux.validate...
derivation evaluated to /nix/store/bawgzrc0s9v8676jaam2hrhnmm9hg5cg-validate-spec.drv
checking derivation packages.x86_64-linux.ci-requirements...
derivation evaluated to /nix/store/9s6sbh4h3hgjaaiij57j15fylplb8mk0-ci-requirements-export.drv
checking derivation packages.x86_64-linux.verify-red-01-responsibility...
derivation evaluated to /nix/store/fkbr0x1vkn7xgamhq0a2smhg47r53cay-verify-red-01-responsibility.drv
checking derivation packages.x86_64-linux.verify-red-02-consumer-api...
derivation evaluated to /nix/store/wd1vg7cp2xg7j0slxbny1yk9f6fdg1na-verify-red-02-consumer-api.drv
checking derivation packages.x86_64-linux.verify-red-03-outputs-manifest...
derivation evaluated to /nix/store/x3vj50id4j64x6skb27jk4j58pqgvrfx-verify-red-03-outputs-manifest.drv
checking derivation packages.x86_64-linux.verify-red-04-uniq...
derivation evaluated to /nix/store/v20yy93a4ipbxl7y8bpr4i855anizpzx-verify-red-04-uniq.drv
checking derivation packages.x86_64-linux.integration-verify-dod1...
derivation evaluated to /nix/store/8m4x2fzj39c6bigv3rr9b5awagys8865-integration-verify-dod1.drv
checking derivation packages.x86_64-linux.integration-negative-dod1...
derivation evaluated to /nix/store/l39spw4g3mfhczhc28x2mj9gq9hypvwf-integration-negative-dod1.drv
checking derivation packages.x86_64-linux.integration-verify-dod2...
derivation evaluated to /nix/store/h8mmxvvv9mzcw7bqqhaj4sh0scwf56lj-integration-verify-dod2.drv
checking derivation packages.x86_64-linux.integration-negative-dod2...
derivation evaluated to /nix/store/i6vivwvj167r8g77nm06b235ma48c834-integration-negative-dod2.drv
checking derivation packages.x86_64-linux.integration-verify-dod3...
derivation evaluated to /nix/store/nh0ki38x5xjy4xpm3332a79r8nqjmz9m-integration-verify-dod3.drv
checking derivation packages.x86_64-linux.integration-negative-dod3...
derivation evaluated to /nix/store/qg1m4yrndis0dchl8wjp99x2b3gflxgb-integration-negative-dod3.drv
checking derivation packages.x86_64-linux.integration-verify-dod4...
derivation evaluated to /nix/store/s8dqk2bb62wn4caimpa8kqzsh3p7s859-integration-verify-dod4.drv
checking derivation packages.x86_64-linux.integration-negative-dod4...
derivation evaluated to /nix/store/c3hiwpaxmhznp1q7g6x5qx3czl7a9lqq-integration-negative-dod4.drv
checking flake output 'checksRed'...
warning: unknown flake output 'checksRed'
checking flake output 'spec'...
warning: unknown flake output 'spec'
running 39 flake checks...
building '/nix/store/rv2gy4h3l0nl31zvc8dr2xv2zr0i3cyx-contract-srp-policy.drv'...
building '/nix/store/n3rl1k2vwha1hgh4ksqlc9rpkyngq9i0-feat-contract-aggregate.drv'...
contract-srp-policy> === contract_srp_policy ===
contract-srp-policy> Checking: /nix/store/wfmfyf8xvcm0ii3p22xlhd6bpshil8s1-source/spec/urn/feat/dx-ux-test/contract.cue
contract-srp-policy>   FAIL: import detected
contract-srp-policy> Checking: /nix/store/wfmfyf8xvcm0ii3p22xlhd6bpshil8s1-source/spec/urn/spec-repo/contract.cue
contract-srp-policy>   OK
contract-srp-policy> 
contract-srp-policy> FAIL: SRP violations found:
contract-srp-policy> /nix/store/wfmfyf8xvcm0ii3p22xlhd6bpshil8s1-source/spec/urn/feat/dx-ux-test/contract.cue: import detected
contract-srp-policy> 
error: builder for '/nix/store/rv2gy4h3l0nl31zvc8dr2xv2zr0i3cyx-contract-srp-policy.drv' failed with exit code 1;
       last 9 log lines:
       > === contract_srp_policy ===
       > Checking: /nix/store/wfmfyf8xvcm0ii3p22xlhd6bpshil8s1-source/spec/urn/feat/dx-ux-test/contract.cue
       >   FAIL: import detected
       > Checking: /nix/store/wfmfyf8xvcm0ii3p22xlhd6bpshil8s1-source/spec/urn/spec-repo/contract.cue
       >   OK
       >
       > FAIL: SRP violations found:
       > /nix/store/wfmfyf8xvcm0ii3p22xlhd6bpshil8s1-source/spec/urn/feat/dx-ux-test/contract.cue: import detected
       >
       For full logs, run:
         nix log /nix/store/rv2gy4h3l0nl31zvc8dr2xv2zr0i3cyx-contract-srp-policy.drv
error: build of '/nix/store/02wdrbzhq6jfa7l5bw9axzc3qrrjx056-spec-fast.drv', '/nix/store/19c3fpfyhmfra48s6chhniqqqivhindv-repo-cue-validity.drv', '/nix/store/50a5pj90qjyv13znbb1pf3wq203czhrk-policy-dev-scope.drv', '/nix/store/6kbzyzkqzgkcmp8xdx711bvm9hz1y9wd-spec-smoke.drv', '/nix/store/8m4x2fzj39c6bigv3rr9b5awagys8865-integration-verify-dod1.drv', '/nix/store/asyg5nlwn50570kgs01mc9a91rs47w9p-unit-green-dod4.drv', '/nix/store/c3hiwpaxmhznp1q7g6x5qx3czl7a9lqq-integration-negative-dod4.drv', '/nix/store/cd5v7abycjbhmpndy9aha1whfaagnqv0-unit-green-dod2.drv', '/nix/store/dasjqd0acc0xi7fnf4y25la9xw9hb98i-global-uniq-fixtures.drv', '/nix/store/gyk2q6jyf4ln7qbb1dkpr0h7q7i09rx3-ci-requirements-consistency.drv', '/nix/store/h8mmxvvv9mzcw7bqqhaj4sh0scwf56lj-integration-verify-dod2.drv', '/nix/store/hfbjc8awmcxbjxf5qz8pxnac8p9daq2m-unit-green-dod1.drv', '/nix/store/i6vivwvj167r8g77nm06b235ma48c834-integration-negative-dod2.drv', '/nix/store/kcn89pq9n2amz5ms0ag0gdbhggm6vzky-feat-spec.drv', '/nix/store/kkic2mwikbk293r48n4qdjxz9y7yqpd2-unit-green-dod3.drv', '/nix/store/l39spw4g3mfhczhc28x2mj9gq9hypvwf-integration-negative-dod1.drv', '/nix/store/n3rl1k2vwha1hgh4ksqlc9rpkyngq9i0-feat-contract-aggregate.drv', '/nix/store/nh0ki38x5xjy4xpm3332a79r8nqjmz9m-integration-verify-dod3.drv', '/nix/store/njcncsqmy4xg6c02ivbxb41y5gi80d7l-feat-decide-ci-score-matrix.drv', '/nix/store/p2dh03il4vjr4hjzpdcax50wh3mhmllm-spec-slow.drv', '/nix/store/plvg450xz3dl6p62apgqwnm5338i54s9-feat-sandboxes-contract-aggregate.drv', '/nix/store/qg1m4yrndis0dchl8wjp99x2b3gflxgb-integration-negative-dod3.drv', '/nix/store/rv2gy4h3l0nl31zvc8dr2xv2zr0i3cyx-contract-srp-policy.drv', '/nix/store/s8dqk2bb62wn4caimpa8kqzsh3p7s859-integration-verify-dod4.drv', '/nix/store/z32jzxwvai9a0md7gn6rp6wflsha92lz-spec-repo-contract-validity.drv', '/nix/store/z7484h7m3akvl01mgzfv26ixayxqp7c5-feat-sandboxes-validity.drv', '/nix/store/zdpb20kd1wxkmva3bly4377g3f0sdzsj-feat-dx-ux-test.drv' failed
