warning: Git tree '/home/nixos/spec-repo' is dirty
evaluating flake...
checking flake output 'lib'...
checking flake output 'checks'...
checking derivation checks.x86_64-linux.integration-verify-dod1...
derivation evaluated to /nix/store/pkxcpdvgknqppvy6nzbrfvlb6wwfm5q2-integration-verify-dod1.drv
checking derivation checks.x86_64-linux.integration-negative-dod1...
derivation evaluated to /nix/store/k8hp58wjk29nfp4d2qfh164qln8wrhqk-integration-negative-dod1.drv
checking derivation checks.x86_64-linux.integration-verify-dod2...
derivation evaluated to /nix/store/phj2rdlq63jhk3kylcqyhzgd5qi9pmqz-integration-verify-dod2.drv
checking derivation checks.x86_64-linux.integration-negative-dod2...
derivation evaluated to /nix/store/6fx7ckzqypqa8jpfndkfhr3h7h1lfraw-integration-negative-dod2.drv
checking derivation checks.x86_64-linux.integration-verify-dod3...
building '/nix/store/8ckgkmqbirza3pjs31594mwwysp98zda-manifest.json.drv'...
derivation evaluated to /nix/store/qg4cmh65qnmhz48v4cisqkm68i1vx07h-integration-verify-dod3.drv
checking derivation checks.x86_64-linux.integration-negative-dod3...
derivation evaluated to /nix/store/cjyzggsk0d4fz6vr6nfpy5y6gsap85r7-integration-negative-dod3.drv
checking derivation checks.x86_64-linux.integration-verify-dod4...
derivation evaluated to /nix/store/agvfwsa3m5a40w29cnma8jzplblf0kqi-integration-verify-dod4.drv
checking derivation checks.x86_64-linux.integration-negative-dod4...
derivation evaluated to /nix/store/4nfrgskfhkyg8mfrqf86ayaw4is7yr2g-integration-negative-dod4.drv
checking derivation checks.x86_64-linux.dod0-factory-only...
derivation evaluated to /nix/store/j1ajcvjqw2sxm53bkq7rbc1kx4ykklmc-dod0-factory-only.drv
checking derivation checks.x86_64-linux.dod0-flake-srp...
derivation evaluated to /nix/store/fw3j8phwncax1j7x6i3g9sydrp40dc29-dod0-flake-srp.drv
checking derivation checks.x86_64-linux.dod8-patterns-ssot...
derivation evaluated to /nix/store/izn1r50w0000s4k4cqmm09crdjvbymip-dod8-patterns-ssot.drv
checking derivation checks.x86_64-linux.dod7-no-integration-duplication...
derivation evaluated to /nix/store/vqmhwncpv1pv1n7v9qcqa26691ngi9m8-dod7-no-integration-duplication.drv
checking derivation checks.x86_64-linux.test-dod5-positive...
derivation evaluated to /nix/store/74sjv9cq65jc0q9qzawrgxp38paxg7w7-test-dod5-positive.drv
checking derivation checks.x86_64-linux.test-dod6-positive...
derivation evaluated to /nix/store/nkcggv73dl32pjk9278092myw88gs76i-test-dod6-positive.drv
checking derivation checks.x86_64-linux.repo-cue-validity...
derivation evaluated to /nix/store/658k4iz5kxhc80qrphj2nzlh3b9285zz-repo-cue-validity.drv
checking derivation checks.x86_64-linux.repo-cue-format-independence...
derivation evaluated to /nix/store/278pkaapwn9afcrjj58ww0zvqx793j76-repo-cue-format-independence.drv
checking derivation checks.x86_64-linux.ci-requirements-consistency...
derivation evaluated to /nix/store/597b05svds5yx5q8qznral1gvadn97g3-ci-requirements-consistency.drv
checking derivation checks.x86_64-linux.feat-sandboxes-validity...
derivation evaluated to /nix/store/ld0da8axc3szs8ffg3fpbywvky7sph2y-feat-sandboxes-validity.drv
checking derivation checks.x86_64-linux.no-repo-cue-tracked...
derivation evaluated to /nix/store/45wgan3qk6irvbnbqa5j1gkbmmpn269a-no-repo-cue-tracked.drv
checking derivation checks.x86_64-linux.no-repo-cue-any...
derivation evaluated to /nix/store/45pm8nb8bds3y6nq684vy7rcm3n46wjz-no-repo-cue-any.drv
checking derivation checks.x86_64-linux.no-repo-cue-reference-in-code...
derivation evaluated to /nix/store/yfxa9swx1npxr5488sfq3ya5645cpq94-no-repo-cue-reference-in-code.drv
checking derivation checks.x86_64-linux.spec-repo-contract-validity...
derivation evaluated to /nix/store/xmdzk8mqwm5sim81dmivg827hc0n041s-spec-repo-contract-validity.drv
checking derivation checks.x86_64-linux.feat-sandboxes-contract-aggregate...
derivation evaluated to /nix/store/qv722ka16z1jx2b348j4szsqxr0fnx6a-feat-sandboxes-contract-aggregate.drv
checking derivation checks.x86_64-linux.feat-contract-aggregate...
derivation evaluated to /nix/store/xgd5blnr1pg8szdwhl6hxwblm45al1rj-feat-contract-aggregate.drv
checking derivation checks.x86_64-linux.contract-srp-policy...
derivation evaluated to /nix/store/535g6cggrpbfdnwggb491pjw6z97j4dy-contract-srp-policy.drv
checking derivation checks.x86_64-linux.global-uniq-fixtures...
derivation evaluated to /nix/store/vdbdv69b4kkk3npk1j74mc2x0l52asx1-global-uniq-fixtures.drv
checking derivation checks.x86_64-linux.policy-dev-scope...
derivation evaluated to /nix/store/1m6b6pdpx34l78086gg3i4f3yq0zawyl-policy-dev-scope.drv
checking derivation checks.x86_64-linux.spec-smoke...
derivation evaluated to /nix/store/3iacgngs2ikxlggzdlh1khdvyrsvjnqq-spec-smoke.drv
checking derivation checks.x86_64-linux.spec-fast...
derivation evaluated to /nix/store/648yr39jiig0brbjq371qgslx1nkrak1-spec-fast.drv
checking derivation checks.x86_64-linux.spec-slow...
derivation evaluated to /nix/store/bbrbzr4hxcras90pxwpj1hzpfsyqj1sr-spec-slow.drv
checking derivation checks.x86_64-linux.spec-unit...
derivation evaluated to /nix/store/x071ih4k5mxpxvb157pd0jjf9w2s46ga-spec-unit.drv
checking derivation checks.x86_64-linux.spec-e2e...
derivation evaluated to /nix/store/kx6iw8kshbivzxwd2j70w60q3dgnl064-spec-e2e.drv
checking derivation checks.x86_64-linux.unit-green-dod1...
derivation evaluated to /nix/store/5d39b074fb53fy4d2nq0angafwswi7qq-unit-green-dod1.drv
checking derivation checks.x86_64-linux.unit-green-dod2...
derivation evaluated to /nix/store/xkrrvrj6akxbvr6jkmdlf1c72xblnqi6-unit-green-dod2.drv
checking derivation checks.x86_64-linux.unit-green-dod3...
derivation evaluated to /nix/store/aff4iqppm79h7sah992z4y5jwqfq3gpb-unit-green-dod3.drv
checking derivation checks.x86_64-linux.unit-green-dod4...
derivation evaluated to /nix/store/jaxlplbdqq995hc8dl1zjvhnwbzim76q-unit-green-dod4.drv
checking derivation checks.x86_64-linux.feat-decide-ci-score-matrix...
derivation evaluated to /nix/store/236vh26q0rzb41yvif6h2cx1ipyga1bl-feat-decide-ci-score-matrix.drv
checking derivation checks.x86_64-linux.feat-dx-ux-test...
derivation evaluated to /nix/store/vrmv5a8ks7cfklvql9cq9vr37v6j1m3c-feat-dx-ux-test.drv
checking derivation checks.x86_64-linux.feat-spec...
derivation evaluated to /nix/store/s3bxca4d00zsk8z1jxichdqw7yq449cd-feat-spec.drv
checking flake output 'devShells'...
checking derivation devShells.x86_64-linux.default...
derivation evaluated to /nix/store/bz2w66zxv8bapkykvc3x7ppinr9i5vfp-nix-shell.drv
checking flake output 'packages'...
checking derivation packages.x86_64-linux.cue...
derivation evaluated to /nix/store/jdqk1dx0rdj4f83jd79s7nprln79lvsf-cue-0.15.1.drv
checking derivation packages.x86_64-linux.default...
derivation evaluated to /nix/store/bawgzrc0s9v8676jaam2hrhnmm9hg5cg-validate-spec.drv
checking derivation packages.x86_64-linux.validate...
derivation evaluated to /nix/store/bawgzrc0s9v8676jaam2hrhnmm9hg5cg-validate-spec.drv
checking derivation packages.x86_64-linux.ci-requirements...
derivation evaluated to /nix/store/jp0zm59ln4i4ls32qcv41lpyq92z51ak-ci-requirements-export.drv
checking derivation packages.x86_64-linux.verify-red-01-responsibility...
derivation evaluated to /nix/store/phdkci7q8b5fk620ksa9bjy8nnyxwsgb-verify-red-01-responsibility.drv
checking derivation packages.x86_64-linux.verify-red-02-consumer-api...
derivation evaluated to /nix/store/7l096n9112p7bhljsh3a04pfhcw5h8k3-verify-red-02-consumer-api.drv
checking derivation packages.x86_64-linux.verify-red-03-outputs-manifest...
derivation evaluated to /nix/store/2c6qh78j7bf2yqiq3lxcx5mwv3sai0d7-verify-red-03-outputs-manifest.drv
checking derivation packages.x86_64-linux.verify-red-04-uniq...
derivation evaluated to /nix/store/g7rkrpw851qlrpm8i85cf49nrz5va1km-verify-red-04-uniq.drv
checking derivation packages.x86_64-linux.integration-verify-dod1...
derivation evaluated to /nix/store/pkxcpdvgknqppvy6nzbrfvlb6wwfm5q2-integration-verify-dod1.drv
checking derivation packages.x86_64-linux.integration-negative-dod1...
derivation evaluated to /nix/store/k8hp58wjk29nfp4d2qfh164qln8wrhqk-integration-negative-dod1.drv
checking derivation packages.x86_64-linux.integration-verify-dod2...
derivation evaluated to /nix/store/phj2rdlq63jhk3kylcqyhzgd5qi9pmqz-integration-verify-dod2.drv
checking derivation packages.x86_64-linux.integration-negative-dod2...
derivation evaluated to /nix/store/6fx7ckzqypqa8jpfndkfhr3h7h1lfraw-integration-negative-dod2.drv
checking derivation packages.x86_64-linux.integration-verify-dod3...
derivation evaluated to /nix/store/qg4cmh65qnmhz48v4cisqkm68i1vx07h-integration-verify-dod3.drv
checking derivation packages.x86_64-linux.integration-negative-dod3...
derivation evaluated to /nix/store/cjyzggsk0d4fz6vr6nfpy5y6gsap85r7-integration-negative-dod3.drv
checking derivation packages.x86_64-linux.integration-verify-dod4...
derivation evaluated to /nix/store/agvfwsa3m5a40w29cnma8jzplblf0kqi-integration-verify-dod4.drv
checking derivation packages.x86_64-linux.integration-negative-dod4...
derivation evaluated to /nix/store/4nfrgskfhkyg8mfrqf86ayaw4is7yr2g-integration-negative-dod4.drv
checking flake output 'checksRed'...
warning: unknown flake output 'checksRed'
checking flake output 'spec'...
warning: unknown flake output 'spec'
running 39 flake checks...
building '/nix/store/535g6cggrpbfdnwggb491pjw6z97j4dy-contract-srp-policy.drv'...
building '/nix/store/j1ajcvjqw2sxm53bkq7rbc1kx4ykklmc-dod0-factory-only.drv'...
contract-srp-policy> === contract_srp_policy ===
contract-srp-policy> Checking: /nix/store/am0vwbsl7n954103wshmcg1myib4ppdi-source/spec/urn/feat/dx-ux-test/contract.cue
contract-srp-policy>   OK
contract-srp-policy> Checking: /nix/store/am0vwbsl7n954103wshmcg1myib4ppdi-source/spec/urn/spec-repo/contract.cue
contract-srp-policy>   OK
contract-srp-policy> 
contract-srp-policy> PASS: all contracts follow SRP policy
building '/nix/store/clvkn58ahxravd6hz3ldrdp2md0d314f-checks.json.drv'...
building '/nix/store/jp0zm59ln4i4ls32qcv41lpyq92z51ak-ci-requirements-export.drv'...
building '/nix/store/izn1r50w0000s4k4cqmm09crdjvbymip-dod8-patterns-ssot.drv'...
ci-requirements-export> === CI Requirements Export ===
ci-requirements-export> 
ci-requirements-export> Extracted items: "dod0-factory-only","dod0-flake-srp","dod7-no-integration-duplication","dod8-patterns-ssot","feat-decide-ci-score-matrix","feat-spec","global-uniq-fixtures","integration-negative-dod1","integration-negative-dod2","integration-negative-dod3","integration-negative-dod4","integration-verify-dod1","integration-verify-dod2","integration-verify-dod3","integration-verify-dod4","policy-dev-scope","repo-cue-validity","spec-e2e","spec-fast","spec-slow","spec-smoke","spec-unit","test-dod5-positive","test-dod6-positive","unit-green-dod1","unit-green-dod2","unit-green-dod3","unit-green-dod4"
ci-requirements-export> 
ci-requirements-export> JSON content:
ci-requirements-export> {
ci-requirements-export>   "version": "1.0.0",
ci-requirements-export>   "requiredChecks": ["dod0-factory-only","dod0-flake-srp","dod7-no-integration-duplication","dod8-patterns-ssot","feat-decide-ci-score-matrix","feat-spec","global-uniq-fixtures","integration-negative-dod1","integration-negative-dod2","integration-negative-dod3","integration-negative-dod4","integration-verify-dod1","integration-verify-dod2","integration-verify-dod3","integration-verify-dod4","policy-dev-scope","repo-cue-validity","spec-e2e","spec-fast","spec-slow","spec-smoke","spec-unit","test-dod5-positive","test-dod6-positive","unit-green-dod1","unit-green-dod2","unit-green-dod3","unit-green-dod4"],
ci-requirements-export>   "generatedAt": "2026-01-03T05:00:49Z"
ci-requirements-export> }
ci-requirements-export> 
ci-requirements-export> JSON is valid
ci-requirements-export> 
ci-requirements-export> SHA256: 56c7eba7e10e16a28d5b989e5bf49998186216b060f790d97f7bd06b0eefb063
ci-requirements-export> 
ci-requirements-export> === Export Complete ===
ci-requirements-export> total 16
ci-requirements-export> drwxr-xr-x  2 nixbld nixbld 4096 Jan  3 05:00 .
ci-requirements-export> drwxrwxr-t 45 nobody nixbld 4096 Jan  3 05:00 ..
ci-requirements-export> -rw-r--r--  1 nixbld nixbld  675 Jan  3 05:00 ci-requirements.json
ci-requirements-export> -rw-r--r--  1 nixbld nixbld   65 Jan  3 05:00 ci-requirements.sha256
building '/nix/store/xgd5blnr1pg8szdwhl6hxwblm45al1rj-feat-contract-aggregate.drv'...
building '/nix/store/597b05svds5yx5q8qznral1gvadn97g3-ci-requirements-consistency.drv'...
feat-contract-aggregate> === feat_contract_aggregate ===
feat-contract-aggregate> Validating: /nix/store/am0vwbsl7n954103wshmcg1myib4ppdi-source/spec/urn/feat/dx-ux-test/contract.cue
feat-contract-aggregate> import failed: imports are unavailable because there is no cue.mod/module.cue file:
feat-contract-aggregate>     ../nix/store/am0vwbsl7n954103wshmcg1myib4ppdi-source/spec/ci/contract/contract.cue:3:8
feat-contract-aggregate>   FAIL: /nix/store/am0vwbsl7n954103wshmcg1myib4ppdi-source/spec/urn/feat/dx-ux-test/contract.cue
feat-contract-aggregate> 
feat-contract-aggregate> FAIL:
feat-contract-aggregate> /nix/store/am0vwbsl7n954103wshmcg1myib4ppdi-source/spec/urn/feat/dx-ux-test/contract.cue
feat-contract-aggregate> 
error: builder for '/nix/store/xgd5blnr1pg8szdwhl6hxwblm45al1rj-feat-contract-aggregate.drv' failed with exit code 1;
       last 9 log lines:
       > === feat_contract_aggregate ===
       > Validating: /nix/store/am0vwbsl7n954103wshmcg1myib4ppdi-source/spec/urn/feat/dx-ux-test/contract.cue
       > import failed: imports are unavailable because there is no cue.mod/module.cue file:
       >     ../nix/store/am0vwbsl7n954103wshmcg1myib4ppdi-source/spec/ci/contract/contract.cue:3:8
       >   FAIL: /nix/store/am0vwbsl7n954103wshmcg1myib4ppdi-source/spec/urn/feat/dx-ux-test/contract.cue
       >
       > FAIL:
       > /nix/store/am0vwbsl7n954103wshmcg1myib4ppdi-source/spec/urn/feat/dx-ux-test/contract.cue
       >
       For full logs, run:
         nix log /nix/store/xgd5blnr1pg8szdwhl6hxwblm45al1rj-feat-contract-aggregate.drv
error: build of '/nix/store/1m6b6pdpx34l78086gg3i4f3yq0zawyl-policy-dev-scope.drv', '/nix/store/236vh26q0rzb41yvif6h2cx1ipyga1bl-feat-decide-ci-score-matrix.drv', '/nix/store/3iacgngs2ikxlggzdlh1khdvyrsvjnqq-spec-smoke.drv', '/nix/store/4nfrgskfhkyg8mfrqf86ayaw4is7yr2g-integration-negative-dod4.drv', '/nix/store/597b05svds5yx5q8qznral1gvadn97g3-ci-requirements-consistency.drv', '/nix/store/5d39b074fb53fy4d2nq0angafwswi7qq-unit-green-dod1.drv', '/nix/store/648yr39jiig0brbjq371qgslx1nkrak1-spec-fast.drv', '/nix/store/658k4iz5kxhc80qrphj2nzlh3b9285zz-repo-cue-validity.drv', '/nix/store/6fx7ckzqypqa8jpfndkfhr3h7h1lfraw-integration-negative-dod2.drv', '/nix/store/aff4iqppm79h7sah992z4y5jwqfq3gpb-unit-green-dod3.drv', '/nix/store/agvfwsa3m5a40w29cnma8jzplblf0kqi-integration-verify-dod4.drv', '/nix/store/bbrbzr4hxcras90pxwpj1hzpfsyqj1sr-spec-slow.drv', '/nix/store/cjyzggsk0d4fz6vr6nfpy5y6gsap85r7-integration-negative-dod3.drv', '/nix/store/jaxlplbdqq995hc8dl1zjvhnwbzim76q-unit-green-dod4.drv', '/nix/store/k8hp58wjk29nfp4d2qfh164qln8wrhqk-integration-negative-dod1.drv', '/nix/store/ld0da8axc3szs8ffg3fpbywvky7sph2y-feat-sandboxes-validity.drv', '/nix/store/phj2rdlq63jhk3kylcqyhzgd5qi9pmqz-integration-verify-dod2.drv', '/nix/store/pkxcpdvgknqppvy6nzbrfvlb6wwfm5q2-integration-verify-dod1.drv', '/nix/store/qg4cmh65qnmhz48v4cisqkm68i1vx07h-integration-verify-dod3.drv', '/nix/store/qv722ka16z1jx2b348j4szsqxr0fnx6a-feat-sandboxes-contract-aggregate.drv', '/nix/store/s3bxca4d00zsk8z1jxichdqw7yq449cd-feat-spec.drv', '/nix/store/vdbdv69b4kkk3npk1j74mc2x0l52asx1-global-uniq-fixtures.drv', '/nix/store/vrmv5a8ks7cfklvql9cq9vr37v6j1m3c-feat-dx-ux-test.drv', '/nix/store/xgd5blnr1pg8szdwhl6hxwblm45al1rj-feat-contract-aggregate.drv', '/nix/store/xkrrvrj6akxbvr6jkmdlf1c72xblnqi6-unit-green-dod2.drv', '/nix/store/xmdzk8mqwm5sim81dmivg827hc0n041s-spec-repo-contract-validity.drv' failed
