warning: Git tree '/home/nixos/spec-repo' is dirty
evaluating flake...
checking flake output 'lib'...
checking flake output 'checks'...
checking derivation checks.x86_64-linux.integration-verify-dod1...
derivation evaluated to /nix/store/vcypmvjld37f33sfc2dagmg2j5gjxr7y-integration-verify-dod1.drv
checking derivation checks.x86_64-linux.integration-negative-dod1...
derivation evaluated to /nix/store/nxpr03d3qrjpqzlzqa4lq1qaj8m8a4wf-integration-negative-dod1.drv
checking derivation checks.x86_64-linux.integration-verify-dod2...
derivation evaluated to /nix/store/v0sn7q5fwqs6vk23ddkwdp6b5i4b67gg-integration-verify-dod2.drv
checking derivation checks.x86_64-linux.integration-negative-dod2...
derivation evaluated to /nix/store/57b04ag048ka95yxvck87j8q6qc2y2yk-integration-negative-dod2.drv
checking derivation checks.x86_64-linux.integration-verify-dod3...
derivation evaluated to /nix/store/crh3vds2gacnfjz1yq53873r1njy5zmv-integration-verify-dod3.drv
checking derivation checks.x86_64-linux.integration-negative-dod3...
derivation evaluated to /nix/store/zxaxsyb74r36rqy8yk3ycdpqmn5nls6a-integration-negative-dod3.drv
checking derivation checks.x86_64-linux.integration-verify-dod4...
derivation evaluated to /nix/store/g4z6sql8b9g6ijxr2crgiy3jrsggzgix-integration-verify-dod4.drv
checking derivation checks.x86_64-linux.integration-negative-dod4...
derivation evaluated to /nix/store/8i67gpi33sfnr72ybycfa1vb4n647xyk-integration-negative-dod4.drv
checking derivation checks.x86_64-linux.dod0-factory-only...
derivation evaluated to /nix/store/j1ajcvjqw2sxm53bkq7rbc1kx4ykklmc-dod0-factory-only.drv
checking derivation checks.x86_64-linux.dod0-flake-srp...
derivation evaluated to /nix/store/fw3j8phwncax1j7x6i3g9sydrp40dc29-dod0-flake-srp.drv
checking derivation checks.x86_64-linux.dod8-patterns-ssot...
derivation evaluated to /nix/store/izn1r50w0000s4k4cqmm09crdjvbymip-dod8-patterns-ssot.drv
checking derivation checks.x86_64-linux.dod7-no-integration-duplication...
derivation evaluated to /nix/store/vqmhwncpv1pv1n7v9qcqa26691ngi9m8-dod7-no-integration-duplication.drv
checking derivation checks.x86_64-linux.test-dod5-positive...
derivation evaluated to /nix/store/74sjv9cq65jc0q9qzawrgxp38paxg7w7-test-dod5-positive.drv
checking derivation checks.x86_64-linux.test-dod6-positive...
derivation evaluated to /nix/store/nkcggv73dl32pjk9278092myw88gs76i-test-dod6-positive.drv
checking derivation checks.x86_64-linux.repo-cue-validity...
derivation evaluated to /nix/store/3ylrh1kyk8v6jvajvygxf7hi4klak4hf-repo-cue-validity.drv
checking derivation checks.x86_64-linux.repo-cue-format-independence...
derivation evaluated to /nix/store/278pkaapwn9afcrjj58ww0zvqx793j76-repo-cue-format-independence.drv
checking derivation checks.x86_64-linux.ci-requirements-consistency...
derivation evaluated to /nix/store/8pqkh55ahkqk0kzb0kqdjyfr13xhbl78-ci-requirements-consistency.drv
checking derivation checks.x86_64-linux.feat-sandboxes-validity...
derivation evaluated to /nix/store/d6ryj0znribmdj40ar40p3yyvnklcn7c-feat-sandboxes-validity.drv
checking derivation checks.x86_64-linux.no-repo-cue-tracked...
derivation evaluated to /nix/store/45wgan3qk6irvbnbqa5j1gkbmmpn269a-no-repo-cue-tracked.drv
checking derivation checks.x86_64-linux.no-repo-cue-any...
derivation evaluated to /nix/store/45pm8nb8bds3y6nq684vy7rcm3n46wjz-no-repo-cue-any.drv
checking derivation checks.x86_64-linux.no-repo-cue-reference-in-code...
derivation evaluated to /nix/store/yfxa9swx1npxr5488sfq3ya5645cpq94-no-repo-cue-reference-in-code.drv
checking derivation checks.x86_64-linux.spec-repo-contract-validity...
derivation evaluated to /nix/store/ffqdcfkfz18jvb4pdzr3ylj7pr7wwpim-spec-repo-contract-validity.drv
checking derivation checks.x86_64-linux.feat-sandboxes-contract-aggregate...
derivation evaluated to /nix/store/f52znpx276rwldgydq1k5q4qlwlafrca-feat-sandboxes-contract-aggregate.drv
checking derivation checks.x86_64-linux.feat-contract-aggregate...
derivation evaluated to /nix/store/08yby8hgfysrvgv6ypfyfmgl2qziickp-feat-contract-aggregate.drv
checking derivation checks.x86_64-linux.contract-srp-policy...
derivation evaluated to /nix/store/75qz8ssplrwlkr2d8awf9y9xlm582xg8-contract-srp-policy.drv
checking derivation checks.x86_64-linux.global-uniq-fixtures...
derivation evaluated to /nix/store/7s1z8mygr24akq5dgq1y3cdiliy3fi8k-global-uniq-fixtures.drv
checking derivation checks.x86_64-linux.policy-dev-scope...
derivation evaluated to /nix/store/p90j83nc8j8sd685sblcmmv1xmhziz2g-policy-dev-scope.drv
checking derivation checks.x86_64-linux.spec-smoke...
derivation evaluated to /nix/store/jpbq2d3xpvihl1zs9hb19ywl8zpkg5zq-spec-smoke.drv
checking derivation checks.x86_64-linux.spec-fast...
derivation evaluated to /nix/store/1gz7hkab2zsnj4r259iniz1lxcn3wy75-spec-fast.drv
checking derivation checks.x86_64-linux.spec-slow...
derivation evaluated to /nix/store/63j8smizpn2idmf54ghdava7izsihs62-spec-slow.drv
checking derivation checks.x86_64-linux.spec-unit...
derivation evaluated to /nix/store/x071ih4k5mxpxvb157pd0jjf9w2s46ga-spec-unit.drv
checking derivation checks.x86_64-linux.spec-e2e...
derivation evaluated to /nix/store/kx6iw8kshbivzxwd2j70w60q3dgnl064-spec-e2e.drv
checking derivation checks.x86_64-linux.unit-green-dod1...
derivation evaluated to /nix/store/if74ksr043pr9fchxqs6q0sislikb6nk-unit-green-dod1.drv
checking derivation checks.x86_64-linux.unit-green-dod2...
derivation evaluated to /nix/store/ys6fag4l2wp463zrm4zq2kfd1maj73sa-unit-green-dod2.drv
checking derivation checks.x86_64-linux.unit-green-dod3...
derivation evaluated to /nix/store/4fgjyalp42kh83ap0ybqy1mzcd94ksid-unit-green-dod3.drv
checking derivation checks.x86_64-linux.unit-green-dod4...
derivation evaluated to /nix/store/rzwhgd1vfckjj03xic58w5cw0k83g7nb-unit-green-dod4.drv
checking derivation checks.x86_64-linux.feat-decide-ci-score-matrix...
derivation evaluated to /nix/store/s245b7crpngjzpgk7kqcrmqb63lj8k4z-feat-decide-ci-score-matrix.drv
checking derivation checks.x86_64-linux.feat-dx-ux-test...
derivation evaluated to /nix/store/xyp82hbkxcf5kizvy88hbh1hkn4hr6rc-feat-dx-ux-test.drv
checking derivation checks.x86_64-linux.feat-spec...
derivation evaluated to /nix/store/c1b4mfsivwddif3g973gp549gxdz9yvv-feat-spec.drv
checking flake output 'devShells'...
checking derivation devShells.x86_64-linux.default...
derivation evaluated to /nix/store/bz2w66zxv8bapkykvc3x7ppinr9i5vfp-nix-shell.drv
checking flake output 'packages'...
checking derivation packages.x86_64-linux.cue...
derivation evaluated to /nix/store/jdqk1dx0rdj4f83jd79s7nprln79lvsf-cue-0.15.1.drv
checking derivation packages.x86_64-linux.default...
derivation evaluated to /nix/store/bawgzrc0s9v8676jaam2hrhnmm9hg5cg-validate-spec.drv
checking derivation packages.x86_64-linux.validate...
derivation evaluated to /nix/store/bawgzrc0s9v8676jaam2hrhnmm9hg5cg-validate-spec.drv
checking derivation packages.x86_64-linux.ci-requirements...
derivation evaluated to /nix/store/jgqfjapr0b0j1phyi5xfxnz9a9l65qd7-ci-requirements-export.drv
checking derivation packages.x86_64-linux.verify-red-01-responsibility...
derivation evaluated to /nix/store/nhvqi683kdkh6a7vz9ri7n7qwk9lgcmc-verify-red-01-responsibility.drv
checking derivation packages.x86_64-linux.verify-red-02-consumer-api...
derivation evaluated to /nix/store/lk8vfpn2g6jjzlvqmz44b69lg7ph1cpv-verify-red-02-consumer-api.drv
checking derivation packages.x86_64-linux.verify-red-03-outputs-manifest...
derivation evaluated to /nix/store/pfg6vch9174cc171xwv280awybd9q610-verify-red-03-outputs-manifest.drv
checking derivation packages.x86_64-linux.verify-red-04-uniq...
derivation evaluated to /nix/store/4fbqdpx2siwamh48lsp03aaz755z8ywn-verify-red-04-uniq.drv
checking derivation packages.x86_64-linux.integration-verify-dod1...
derivation evaluated to /nix/store/vcypmvjld37f33sfc2dagmg2j5gjxr7y-integration-verify-dod1.drv
checking derivation packages.x86_64-linux.integration-negative-dod1...
derivation evaluated to /nix/store/nxpr03d3qrjpqzlzqa4lq1qaj8m8a4wf-integration-negative-dod1.drv
checking derivation packages.x86_64-linux.integration-verify-dod2...
derivation evaluated to /nix/store/v0sn7q5fwqs6vk23ddkwdp6b5i4b67gg-integration-verify-dod2.drv
checking derivation packages.x86_64-linux.integration-negative-dod2...
derivation evaluated to /nix/store/57b04ag048ka95yxvck87j8q6qc2y2yk-integration-negative-dod2.drv
checking derivation packages.x86_64-linux.integration-verify-dod3...
derivation evaluated to /nix/store/crh3vds2gacnfjz1yq53873r1njy5zmv-integration-verify-dod3.drv
checking derivation packages.x86_64-linux.integration-negative-dod3...
derivation evaluated to /nix/store/zxaxsyb74r36rqy8yk3ycdpqmn5nls6a-integration-negative-dod3.drv
checking derivation packages.x86_64-linux.integration-verify-dod4...
derivation evaluated to /nix/store/g4z6sql8b9g6ijxr2crgiy3jrsggzgix-integration-verify-dod4.drv
checking derivation packages.x86_64-linux.integration-negative-dod4...
derivation evaluated to /nix/store/8i67gpi33sfnr72ybycfa1vb4n647xyk-integration-negative-dod4.drv
checking flake output 'checksRed'...
warning: unknown flake output 'checksRed'
checking flake output 'spec'...
warning: unknown flake output 'spec'
running 39 flake checks...
warning: The check omitted these incompatible systems: aarch64-darwin, aarch64-linux, x86_64-darwin
Use '--all-systems' to check all.
